* Microsoft COBOL Version 4.5        L2.4 revision 002 16-Feb-21 21:09 Page   1
*                                       EX02.CBL
* Options: LIST(EX02.LST) ASMLIST(EX02.GRP)
     1 IDENTIFICATION DIVISION.
     2 PROGRAM-ID.      EX01.
     3 AUTHOR.          WILLIAN KOHATSU.
     4 INSTALLATION.    HOME.
     5 DATE-WRITTEN.    15-02-2021.
     6 DATE-COMPILED. 16-Feb-21 21:09.
     7 SECURITY.        APENAS O AUTOR.
     8*REMARKS.     LER OS REGISTROS DO ARQUIO DE ENTRADA CIDCLI01
     9*             (CODIGO E NOME) E GRAVAR NO ARQUIVO DE SAIDA CIDCLI0
    10
    11 ENVIRONMENT DIVISION.
    12 CONFIGURATION SECTION.
    13    SOURCE-COMPUTER.   DELL-PC.
    14    OBJECT-COMPUTER.   DELL-PC.
    15    SPECIAL-NAMES.     DECIMAL-POINT IS COMMA.
    16
    17 INPUT-OUTPUT SECTION.
    18 FILE-CONTROL.
    19
    20    SELECT  CADALU  ASSIGN TO DISK
    21    ORGANIZATION  IS  LINE SEQUENTIAL.
    22
    23    SELECT  CADATU  ASSIGN TO DISK
    24    ORGANIZATION  IS  LINE SEQUENTIAL.
    25
    26 DATA DIVISION.
    27 FILE SECTION.
    28
    29 FD CADALU
    30    LABEL  RECORD  ARE  STANDARD
    31    VALUE  OF FILE-ID  IS  "CADALU.DAT".
    32
    33 01  REG-ENT.
    34    02 NUM-ENT           PIC 9(05).
    35    02 NOME-ENT          PIC X(20).
    36    02 SEXO              PIC X(01).
    37    02 DATA-ENT.
    38       04 DD-ENT        PIC 9(02).
    39       04 MM-ENT        PIC 9(02).
    40       04 AAAA-ENT      PIC 9(04).
    41
    42 FD CADATU
    43    LABEL  RECORD  ARE STANDARD
    44    VALUE  OF FILE-ID IS  "CADATU.DAT".
    45
    46 01  REG-SAI.
    47    03 NUM-SAI       PIC 9(05).
    48    03 NOME-SAI         PIC X(20).
    49    03 DATA-SAI.
    50       05 DD-SAI        PIC 9(02).
    51       05 MM-SAI        PIC 9(02).
    52       05 AAAA-SAI      PIC 9(04).
    53
    54 WORKING-STORAGE SECTION.
    55
    56 77  FIM-ARQ        PIC X(03)     VALUE  "NAO".
    57
* Microsoft COBOL Version 4.5        L2.4 revision 002 16-Feb-21 21:09 Page   2
*                                       EX02.CBL
    58 PROCEDURE DIVISION.
    59
    60 PGM-EXERCICIO02.
    61
    62 PERFORM INICIO.
    63
    64 PERFORM PRINCIPAL
    65    UNTIL FIM-ARQ  EQUAL  "SIM".
    66 PERFORM TERMINO.
    67    STOP RUN.
    68
    69 INICIO.
    70    OPEN INPUT   CADALU
    71         OUTPUT  CADATU.
    72
    73    PERFORM LEITURA.
    74
    75 LEITURA.
    76    READ  CADALU
    77       AT END
    78       MOVE  "SIM"  TO   FIM-ARQ.
    79
    80 PRINCIPAL.
    81 PERFORM  GRAVACAO.
    82 PERFORM  LEITURA.
    83
    84 GRAVACAO.
    85    MOVE  NUM-ENT   TO  NUM-SAI.
    86    MOVE  NOME-ENT  TO  NOME-SAI.
    87    MOVE  DATA-ENT  TO   DATA-SAI.
    88    WRITE REG-SAI.
    89 TERMINO.
    90    CLOSE   CADALU
    91            CADATU.
    92
    93
    94
* Microsoft COBOL Version 4.5        L2.4 revision 002
* (C)Copyright Microsoft Corp 1984, 1991       URN AXUPA/MS0/000000
*                                              REF GNB-024050002A7
*
* Total Messages:     0
* Data:        1032     Code:         320     Dictionary:        1278
