* Microsoft COBOL Version 4.5        L2.4 revision 002 02-Mar-21 20:06 Page   1
*                                       EX07.CBL
* Options: LIST(EX07.LST) ASMLIST(EX07.GRP)
     1 IDENTIFICATION DIVISION.
     2 PROGRAM-ID.     EX07.
     3 AUTHOR.         REBECCA M M MURAD
     4                 WILLIAN KOHATSU.
     5 INSTALLATION.   HOME.
     6 DATE-WRITTEN.   02-03-2021.
     7 DATE-COMPILED. 02-Mar-21 20:06.
     8 SECURITY.       APENAS O AUTOR PODE MODIFICAR.
     9*REMARKS.        LER TODOS OS REGISTROS DE CADALU E
    10*                GRAVAR NUMERO, NOME E MEDIA EM CADATU.
    11
    12 ENVIRONMENT DIVISION.
    13 CONFIGURATION SECTION.
    14
    15    SOURCE-COMPUTER.   DELL-PC.
    16    OBJECT-COMPUTER.   DELL-PC.
    17    SPECIAL-NAMES.     DECIMAL-POINT IS COMMA.
    18
    19 INPUT-OUTPUT SECTION.
    20 FILE-CONTROL.
    21
    22    SELECT  CADALU  ASSIGN TO DISK
    23    ORGANIZATION  IS  LINE SEQUENTIAL.
    24
    25    SELECT  CADATU  ASSIGN TO DISK
    26    ORGANIZATION  IS  LINE SEQUENTIAL.
    27
    28 DATA DIVISION.
    29 FILE SECTION.
    30
    31    FD CADALU
    32       LABEL RECORD ARE STANDARD
    33       VALUE OF FILE-ID IS "CADALU.DAT".
    34
    35    01 REG-ENT.
    36       02 NUM-ENT       PIC 9(05).
    37       02 NOME-ENT      PIC X(20).
    38       02 NOTA1         PIC 9(02)V99.
    39       02 NOTA2         PIC 9(02)V99.
    40       02 NOTA3         PIC 9(02)V99.
    41       02 NOTA4         PIC 9(02)V99.
    42       02 SEXO-ENT      PIC X(01).
    43
    44    FD CADATU
    45       LABEL RECORD ARE STANDARD
    46       VALUE OF FILE-ID IS "CADATU.DAT".
    47
    48    01 REG-SAI.
    49       02 NUM-SAI       PIC 9(05).
    50       02 NOME-SAI      PIC X(20).
    51       02 MEDIA         PIC 9(02)V99.
    52       02 SEXO-SAI      PIC X(01).
    53
    54 WORKING-STORAGE SECTION.
    55
    56 77 FIM-ARQ            PIC X(03)        VALUE "NAO".
    57 77 SOMA-NOTA          PIC 9(02)V9(02)  VALUE   ZEROS.
* Microsoft COBOL Version 4.5        L2.4 revision 002 02-Mar-21 20:06 Page   2
*                                       EX07.CBL
    58 77 CMEDIA             PIC 99V99        VALUE   ZEROS.
    59
    60 PROCEDURE DIVISION.
    61
    62 PGM-EXE07.
    63
    64    PERFORM INICIO.
    65
    66    PERFORM PRINCIPAL
    67       UNTIL  FIM-ARQ  EQUAL  "SIM".
    68    PERFORM TERMINO.
    69       STOP RUN.
    70
    71 INICIO.
    72    OPEN INPUT  CADALU
    73         OUTPUT CADATU.
    74
    75    PERFORM LEITURA.
    76
    77 LEITURA.
    78    READ  CADALU  AT END
    79    MOVE  "SIM"  TO  FIM-ARQ.
    80
    81 PRINCIPAL.
    82    PERFORM  CALCMEDIA.
    83            PERFORM  GRAVACAO.
    84    PERFORM  LEITURA.
    85
    86    CALCMEDIA.
    87        ADD  NOTA1
    88             NOTA2
    89             NOTA3
    90             NOTA4
    91               GIVING  SOMA-NOTA.
    92    DIVIDE  SOMA-NOTA   BY  4
    93               GIVING  CMEDIA.
    94
    95 GRAVACAO.
    96    MOVE   NUM-ENT   TO   NUM-SAI.
    97            MOVE   NOME-ENT  TO   NOME-SAI.
    98            MOVE   CMEDIA    TO   MEDIA.
    99            MOVE   SEXO-ENT  TO   SEXO-SAI.
   100    WRITE  REG-SAI.
   101
   102     TERMINO.
   103    CLOSE  CADALU
   104           CADATU.
   105
   106
   107
   108
   109
   110
   111
   112
   113
   114
* Microsoft COBOL Version 4.5        L2.4 revision 002
* Microsoft COBOL Version 4.5        L2.4 revision 002 02-Mar-21 20:06 Page   3
*                                       EX07.CBL
* (C)Copyright Microsoft Corp 1984, 1991       URN AXUPA/MS0/000000
*                                              REF GNB-024050002A7
*
* Total Messages:     0
* Data:        1056     Code:         370     Dictionary:        1352
