* Microsoft COBOL Version 4.5        L2.4 revision 002 02-Mar-21 21:06 Page   1
*                                     EM01EX05.CBL
* Options: LIST(EM01EX05.LST) ASMLIST(EM01EX05.GRP)
     1 IDENTIFICATION DIVISION.
     2 PROGRAM-ID.       EX05.
     3 AUTHOR.           REBECCA MURAD WILLIAN KOHATSU.
     4 INSTALLATION.     FATEC-SP.
     5 DATE-WRITTEN.     23/02/2021.
     6 DATE-COMPILED. 02-Mar-21 21:06.
     7 SECURITY. APENAS O AUTOR PODE MODIFICA-LO.
     8
     9 ENVIRONMENT DIVISION.
    10 CONFIGURATION SECTION.
    11 SOURCE-COMPUTER.  LATITUDE-PC.
    12 OBJECT-COMPUTER.  LATITUDE-PC.
    13 SPECIAL-NAMES.    DECIMAL-POINT IS COMMA.
    14
    15 INPUT-OUTPUT SECTION.
    16 FILE-CONTROL.
    17     SELECT CADALU ASSIGN TO DISK
    18     ORGANIZATION IS LINE SEQUENTIAL.
    19     SELECT CADAPR ASSIGN TO DISK
    20     ORGANIZATION IS LINE SEQUENTIAL.
    21
    22
    23 DATA DIVISION.
    24 FILE SECTION.
    25 FD CADALU
    26    LABEL RECORD ARE STANDARD
    27    VALUE OF FILE-ID IS "CADALU.DAT".
    28 01 REG-ENT.
    29     02 NUMERO-ENT   PIC 9(05).
    30     02 NOME-ENT     PIC X(20).
    31     02 NOTA1        PIC 99V99.
    32     02 NOTA2        PIC 99V99.
    33     02 FALTAS       PIC 9(02).
    34 FD CADAPR
    35    LABEL RECORD ARE STANDARD
    36    VALUE OF FILE-ID IS "CADAPR.DAT".
    37 01 REG-SAI.
    38     02 NUMERO-SAI   PIC 9(05).
    39     02 NOME-SAI     PIC X(20).
    40     02 MEDIA        PIC 99V99.
    41
    42 WORKING-STORAGE SECTION.
    43 77 FIM-ARQ   PIC X(03)       VALUE "NAO".
    44 77 SOMA-NOTA PIC 99V99       VALUE ZEROS.
    45 77 WMEDIA    PIC 99V99       VALUE ZEROS.
    46
    47 PROCEDURE DIVISION.
    48
    49 MAIN.
    50     PERFORM INICIO.
    51     PERFORM PRINCIPAL
    52             UNTIL  FIM-ARQ  EQUAL  "SIM".
    53     PERFORM TERMINO.
    54     STOP RUN.
    55
    56 INICIO.
    57     OPEN INPUT  CADALU
* Microsoft COBOL Version 4.5        L2.4 revision 002 02-Mar-21 21:06 Page   2
*                                     EM01EX05.CBL
    58          OUTPUT CADAPR.
    59     PERFORM LEITURA.
    60
    61 LEITURA.
    62     READ CADALU
    63          AT END
    64          MOVE "SIM" TO FIM-ARQ.
    65
    66 PRINCIPAL.
    67     PERFORM CALCMEDIA.
    68     IF FALTAS < 19 THEN
    69        IF WMEDIA >= 7 THEN
    70           PERFORM GRAVACAO.
    71     PERFORM LEITURA.
    72
    73 CALCMEDIA.
    74     ADD NOTA1
    75         NOTA2 GIVING  SOMA-NOTA.
    76     DIVIDE SOMA-NOTA BY 2 GIVING  WMEDIA.
    77
    78 GRAVACAO.
    79     MOVE NUMERO-ENT  TO NUMERO-SAI.
    80     MOVE NOME-ENT    TO NOME-SAI.
    81     MOVE WMEDIA      TO MEDIA.
    82     WRITE REG-SAI.
    83
    84 TERMINO.
    85     CLOSE CADALU
    86           CADAPR.
* Microsoft COBOL Version 4.5        L2.4 revision 002
* (C)Copyright Microsoft Corp 1984, 1991       URN AXUPA/MS0/000000
*                                              REF GNB-024050002A7
*
* Total Messages:     0
* Data:        1048     Code:         370     Dictionary:        1268
