* Microsoft COBOL Version 4.5        L2.4 revision 002 16-Feb-21 22:11 Page   1
*                                       EX03.CBL
* Options: LIST(EX03.LST) ASMLIST(EX03.GRP)
     1 IDENTIFICATION DIVISION.
     2 PROGRAM-ID.    EX03.
     3 AUTHOR.        WILLIAN KOHATSU.
     4 INSTALLATION.  HOME.
     5 DATE-WRITTEN.  16-02-2021.
     6 DATE-COMPILED. 16-Feb-21 22:11.
     7 SECURITY.      APENAS O AUTOR PODE MODIFICAR.
     8*REMARKS.       LER AS NOTAS E CALCULAR A MEDIA.
     9
    10 ENVIRONMENT DIVISION.
    11 CONFIGURATION SECTION.
    12    SOURCE-COMPUTER.   DELL-PC.
    13    OBJECT-COMPUTER.   DELL-PC.
    14    SPECIAL-NAMES.     DECIMAL-POINT IS COMMA.
    15
    16 INPUT-OUTPUT SECTION.
    17 FILE-CONTROL.
    18
    19    SELECT  CADALU  ASSIGN TO DISK
    20    ORGANIZATION  IS  LINE SEQUENTIAL.
    21
    22    SELECT  CADATU  ASSIGN TO DISK
    23    ORGANIZATION  IS  LINE SEQUENTIAL.
    24
    25 DATA DIVISION.
    26 FILE SECTION.
    27
    28 FD CADALU
    29    LABEL  RECORD  ARE  STANDARD
    30    VALUE  OF FILE-ID  IS  "CADALU.DAT".
    31
    32 01 REG-ENT.
    33    02 NUM-ENT      PIC 9(05).
    34    02 NOME         PIC X(20).
    35    02 NOTA1        PIC 9(2)V99.
    36    02 NOTA2        PIC 9(2)V99.
    37    02 NOTA3        PIC 9(2)V99.
    38
    39 FD CADATU
    40    LABEL  RECORD  ARE  STANDARD
    41    VALUE  OF FILE-ID  IS  "CADATU.DAT".
    42
    43 01 REG-SAI.
    44    02 NUM-SAI      PIC 9(05).
    45    02 MEDIA        PIC 9(2)V99.
    46
    47 WORKING-STORAGE SECTION.
    48
    49 77 FIM-ARQ      PIC X(03)         VALUE "NAO".
    50 77 SOMA-NOTA    PIC 9(02)V9(02)   VALUE ZEROS.
    51 77 WMEDIA       PIC 99V99         VALUE ZEROS.
    52
    53 PROCEDURE DIVISION.
    54 PGM-EXE03.
    55
    56    PERFORM INICIO.
    57
* Microsoft COBOL Version 4.5        L2.4 revision 002 16-Feb-21 22:11 Page   2
*                                       EX03.CBL
    58    PERFORM PRINCIPAL
    59       UNTIL FIM-ARQ EQUAL  "SIM".
    60    PERFORM TERMINO.
    61    STOP RUN.
    62
    63 INICIO.
    64    OPEN INPUT CADALU
    65         OUTPUT CADATU.
    66
    67    PERFORM LEITURA.
    68
    69 LEITURA.
    70
    71    READ CADALU AT END
    72       MOVE "SIM" TO FIM-ARQ.
    73
    74 PRINCIPAL.
    75    PERFORM CALCMEDIA.
    76    PERFORM GRAVACAO.
    77    PERFORM LEITURA.
    78
    79 CALCMEDIA.
    80    ADD  NOTA1
    81         NOTA2
    82         NOTA3
    83            GIVING  SOMA-NOTA.
    84    DIVIDE SOMA-NOTA BY 3
    85       GIVING  WMEDIA.
    86
    87 GRAVACAO.
    88    MOVE  NUM-ENT  TO  NUM-SAI.
    89    MOVE  WMEDIA   TO  MEDIA.
    90    WRITE REG-SAI.
    91
    92 TERMINO.
    93    CLOSE  CADALU
    94           CADATU.
* Microsoft COBOL Version 4.5        L2.4 revision 002
* (C)Copyright Microsoft Corp 1984, 1991       URN AXUPA/MS0/000000
*                                              REF GNB-024050002A7
*
* Total Messages:     0
* Data:        1032     Code:         352     Dictionary:        1233
