* Microsoft COBOL Version 4.5        L2.4 revision 002 16-Feb-21 21:05 Page   1
*                                       EX01.CBL
* Options: LIST(EX01.LST) ASMLIST(EX01.GRP)
     1 IDENTIFICATION DIVISION.
     2 PROGRAM-ID.      EX01.
     3 AUTHOR.          WILLIAN KOHATSU.
     4 INSTALLATION.    HOME.
     5 DATE-WRITTEN.    15-02-2021.
     6 DATE-COMPILED. 16-Feb-21 21:05.
     7 SECURITY.        APENAS O AUTOR.
     8*REMARKS.     LER OS REGISTROS DO ARQUIO DE ENTRADA CIDCLI01
     9*             (CODIGO E NOME) E GRAVAR NO ARQUIVO DE SAIDA CIDCLI0
    10
    11 ENVIRONMENT DIVISION.
    12 CONFIGURATION SECTION.
    13    SOURCE-COMPUTER.   DELL-PC.
    14    OBJECT-COMPUTER.   DELL-PC.
    15    SPECIAL-NAMES.     DECIMAL-POINT IS COMMA.
    16
    17 INPUT-OUTPUT SECTION.
    18 FILE-CONTROL.
    19
    20    SELECT  CADCLI1  ASSIGN TO DISK
    21    ORGANIZATION  IS  LINE SEQUENTIAL.
    22
    23    SELECT  CADCLI2  ASSIGN TO DISK
    24    ORGANIZATION  IS  LINE SEQUENTIAL.
    25
    26 DATA DIVISION.
    27 FILE SECTION.
    28
    29 FD CADCLI1
    30    LABEL  RECORD  ARE  STANDARD
    31    VALUE  OF FILE-ID  IS  "CADCLI1.DAT".
    32
    33 01  REG-ENT.
    34    02 COD-ENT      PIC 9(05).
    35    02 NOME-ENT     PIC X(20).
    36
    37 FD CADCLI2
    38    LABEL  RECORD  ARE STANDARD
    39    VALUE  OF FILE-ID IS  "CADCLI2.DAT".
    40
    41 01  REG-SAI.
    42    03 NOME-SAI     PIC X(20).
    43    03 COD-SAI      PIC 9(05).
    44
    45 WORKING-STORAGE SECTION.
    46
    47 77  FIM-ARQ        PIC X(03)     VALUE  "NAO".
    48
    49 PROCEDURE DIVISION.
    50
    51 PGM-EXERCICIO01.
    52
    53 PERFORM INICIO.
    54
    55 PERFORM PRINCIPAL
    56    UNTIL FIM-ARQ  EQUAL  "SIM".
    57 PERFORM TERMINO.
* Microsoft COBOL Version 4.5        L2.4 revision 002 16-Feb-21 21:05 Page   2
*                                       EX01.CBL
    58    STOP RUN.
    59
    60 INICIO.
    61    OPEN INPUT   CADCLI1
    62         OUTPUT  CADCLI2.
    63
    64    PERFORM LEITURA.
    65
    66 LEITURA.
    67    READ  CADCLI1
    68       AT END
    69       MOVE  "SIM"  TO   FIM-ARQ.
    70
    71 PRINCIPAL.
    72 PERFORM  GRAVACAO.
    73 PERFORM  LEITURA.
    74
    75 GRAVACAO.
    76    MOVE  NOME-ENT  TO  NOME-SAI.
    77    MOVE  COD-ENT   TO  COD-SAI.
    78    WRITE REG-SAI.
    79
    80 TERMINO.
    81    CLOSE   CADCLI1
    82            CADCLI2.
    83
    84
    85
* Microsoft COBOL Version 4.5        L2.4 revision 002
* (C)Copyright Microsoft Corp 1984, 1991       URN AXUPA/MS0/000000
*                                              REF GNB-024050002A7
*
* Total Messages:     0
* Data:        1016     Code:         313     Dictionary:        1019
